# JRE version: Java(TM) SE Runtime Environment (17.0.6+9) (build 17.0.6+9-LTS-190)
# Java VM: Java HotSpot(TM) 64-Bit Server VM (17.0.6+9-LTS-190, mixed mode, sharing, tiered, compressed oops, compressed class ptrs, g1 gc, windows-amd64)
GC Precious Log:
 CPUs: 16 total, 16 available
 Memory: 7563M
 Large Page Support: Disabled
 NUMA Support: Disabled
 Compressed Oops: Enabled (32-bit)
 Heap Region Size: 1M
 Heap Min Capacity: 8M
 Heap Initial Capacity: 120M
 Heap Max Capacity: 1892M
 Pre-touch: Disabled
 Parallel Workers: 13
 Concurrent Workers: 3
 Concurrent Refinement Workers: 13
 Periodic GC: Disabled
Heap:
 garbage-first heap   total 54272K, used 30151K [0x0000000089c00000, 0x0000000100000000)
  region size 1024K, 11 young (11264K), 3 survivors (3072K)
 Metaspace       used 46365K, committed 46848K, reserved 1089536K
  class space    used 6083K, committed 6272K, reserved 1048576K
GC Heap History (20 events):
Event: 5.240 GC heap before
{Heap before GC invocations=2 (full 0):
 garbage-first heap   total 122880K, used 45333K [0x0000000089c00000, 0x0000000100000000)
  region size 1024K, 40 young (40960K), 3 survivors (3072K)
 Metaspace       used 21211K, committed 21504K, reserved 1073152K
  class space    used 2587K, committed 2752K, reserved 1048576K
}
Event: 5.254 GC heap after
{Heap after GC invocations=3 (full 0):
 garbage-first heap   total 122880K, used 12161K [0x0000000089c00000, 0x0000000100000000)
  region size 1024K, 6 young (6144K), 6 survivors (6144K)
 Metaspace       used 21211K, committed 21504K, reserved 1073152K
  class space    used 2587K, committed 2752K, reserved 1048576K
}
Event: 7.416 GC heap before
{Heap before GC invocations=4 (full 0):
 garbage-first heap   total 45056K, used 32641K [0x0000000089c00000, 0x0000000100000000)
  region size 1024K, 26 young (26624K), 6 survivors (6144K)
 Metaspace       used 23353K, committed 23616K, reserved 1073152K
  class space    used 2880K, committed 3008K, reserved 1048576K
}
Event: 7.426 GC heap after
{Heap after GC invocations=5 (full 0):
 garbage-first heap   total 45056K, used 13112K [0x0000000089c00000, 0x0000000100000000)
  region size 1024K, 2 young (2048K), 2 survivors (2048K)
 Metaspace       used 23353K, committed 23616K, reserved 1073152K
  class space    used 2880K, committed 3008K, reserved 1048576K
}
Event: 7.534 GC heap before
{Heap before GC invocations=5 (full 0):
 garbage-first heap   total 45056K, used 14136K [0x0000000089c00000, 0x0000000100000000)
  region size 1024K, 3 young (3072K), 2 survivors (2048K)
 Metaspace       used 23470K, committed 23808K, reserved 1073152K
  class space    used 2898K, committed 3072K, reserved 1048576K
}
Event: 7.540 GC heap after
{Heap after GC invocations=6 (full 0):
 garbage-first heap   total 45056K, used 13153K [0x0000000089c00000, 0x0000000100000000)
  region size 1024K, 1 young (1024K), 1 survivors (1024K)
 Metaspace       used 23470K, committed 23808K, reserved 1073152K
  class space    used 2898K, committed 3072K, reserved 1048576K
}
Event: 8.456 GC heap before
{Heap before GC invocations=6 (full 0):
 garbage-first heap   total 45056K, used 30561K [0x0000000089c00000, 0x0000000100000000)
  region size 1024K, 18 young (18432K), 1 survivors (1024K)
 Metaspace       used 26022K, committed 26432K, reserved 1073152K
  class space    used 3265K, committed 3456K, reserved 1048576K
}
Event: 8.466 GC heap after
{Heap after GC invocations=7 (full 0):
 garbage-first heap   total 45056K, used 14162K [0x0000000089c00000, 0x0000000100000000)
  region size 1024K, 2 young (2048K), 2 survivors (2048K)
 Metaspace       used 26022K, committed 26432K, reserved 1073152K
  class space    used 3265K, committed 3456K, reserved 1048576K
}
Event: 9.711 GC heap before
{Heap before GC invocations=7 (full 0):
 garbage-first heap   total 45056K, used 30546K [0x0000000089c00000, 0x0000000100000000)
  region size 1024K, 19 young (19456K), 2 survivors (2048K)
 Metaspace       used 29408K, committed 29760K, reserved 1081344K
  class space    used 3723K, committed 3904K, reserved 1048576K
}
Event: 9.725 GC heap after
{Heap after GC invocations=8 (full 0):
 garbage-first heap   total 45056K, used 15995K [0x0000000089c00000, 0x0000000100000000)
  region size 1024K, 3 young (3072K), 3 survivors (3072K)
 Metaspace       used 29408K, committed 29760K, reserved 1081344K
  class space    used 3723K, committed 3904K, reserved 1048576K
}
Event: 11.041 GC heap before
{Heap before GC invocations=8 (full 0):
 garbage-first heap   total 45056K, used 33403K [0x0000000089c00000, 0x0000000100000000)
  region size 1024K, 20 young (20480K), 3 survivors (3072K)
 Metaspace       used 32592K, committed 33088K, reserved 1081344K
  class space    used 4193K, committed 4416K, reserved 1048576K
}
Event: 11.048 GC heap after
{Heap after GC invocations=9 (full 0):
 garbage-first heap   total 54272K, used 17738K [0x0000000089c00000, 0x0000000100000000)
  region size 1024K, 2 young (2048K), 2 survivors (2048K)
 Metaspace       used 32592K, committed 33088K, reserved 1081344K
  class space    used 4193K, committed 4416K, reserved 1048576K
}
Event: 11.634 GC heap before
{Heap before GC invocations=9 (full 0):
 garbage-first heap   total 54272K, used 26954K [0x0000000089c00000, 0x0000000100000000)
  region size 1024K, 12 young (12288K), 2 survivors (2048K)
 Metaspace       used 35488K, committed 35968K, reserved 1081344K
  class space    used 4593K, committed 4864K, reserved 1048576K
}
Event: 11.640 GC heap after
{Heap after GC invocations=10 (full 0):
 garbage-first heap   total 54272K, used 18487K [0x0000000089c00000, 0x0000000100000000)
  region size 1024K, 1 young (1024K), 1 survivors (1024K)
 Metaspace       used 35488K, committed 35968K, reserved 1081344K
  class space    used 4593K, committed 4864K, reserved 1048576K
}
Event: 12.589 GC heap before
{Heap before GC invocations=11 (full 0):
 garbage-first heap   total 54272K, used 39991K [0x0000000089c00000, 0x0000000100000000)
  region size 1024K, 22 young (22528K), 1 survivors (1024K)
 Metaspace       used 40987K, committed 41536K, reserved 1089536K
  class space    used 5355K, committed 5632K, reserved 1048576K
}
Event: 12.593 GC heap after
{Heap after GC invocations=12 (full 0):
 garbage-first heap   total 54272K, used 21254K [0x0000000089c00000, 0x0000000100000000)
  region size 1024K, 3 young (3072K), 3 survivors (3072K)
 Metaspace       used 40987K, committed 41536K, reserved 1089536K
  class space    used 5355K, committed 5632K, reserved 1048576K
}
Event: 12.640 GC heap before
{Heap before GC invocations=12 (full 0):
 garbage-first heap   total 54272K, used 22278K [0x0000000089c00000, 0x0000000100000000)
  region size 1024K, 4 young (4096K), 3 survivors (3072K)
 Metaspace       used 41486K, committed 42048K, reserved 1089536K
  class space    used 5437K, committed 5696K, reserved 1048576K
}
Event: 12.644 GC heap after
{Heap after GC invocations=13 (full 0):
 garbage-first heap   total 54272K, used 21385K [0x0000000089c00000, 0x0000000100000000)
  region size 1024K, 1 young (1024K), 1 survivors (1024K)
 Metaspace       used 41486K, committed 42048K, reserved 1089536K
  class space    used 5437K, committed 5696K, reserved 1048576K
}
Event: 13.982 GC heap before
{Heap before GC invocations=13 (full 0):
 garbage-first heap   total 54272K, used 38793K [0x0000000089c00000, 0x0000000100000000)
  region size 1024K, 19 young (19456K), 1 survivors (1024K)
 Metaspace       used 45366K, committed 45824K, reserved 1089536K
  class space    used 5954K, committed 6144K, reserved 1048576K
}
Event: 13.990 GC heap after
{Heap after GC invocations=14 (full 0):
 garbage-first heap   total 54272K, used 22983K [0x0000000089c00000, 0x0000000100000000)
  region size 1024K, 3 young (3072K), 3 survivors (3072K)
 Metaspace       used 45366K, committed 45824K, reserved 1089536K
  class space    used 5954K, committed 6144K, reserved 1048576K
}

